<?xml version="1.0" encoding="UTF-8"?>
<testng-results ignored="0" total="1" passed="1" failed="0" skipped="0">
  <reporter-output>
  </reporter-output>
  <suite started-at="2024-09-19T13:16:41 IST" name="TestNG" finished-at="2024-09-19T13:17:33 IST" duration-ms="52219">
    <groups>
      <group name="groupname">
        <method signature="Case1.URLhit()[pri:0, instance:TestPack.Case1@2cf3d63b]" name="URLhit" class="TestPack.Case1"/>
      </group> <!-- groupname -->
    </groups>
    <test started-at="2024-09-19T13:16:41 IST" name="Amazon.com" finished-at="2024-09-19T13:17:33 IST" duration-ms="52219">
      <class name="TestPack.Case1">
        <test-method signature="URLhit()[pri:0, instance:TestPack.Case1@2cf3d63b]" started-at="2024-09-19T13:16:41 IST" name="URLhit" finished-at="2024-09-19T13:17:33 IST" duration-ms="52027" status="PASS">
          <reporter-output>
          </reporter-output>
        </test-method> <!-- URLhit -->
      </class> <!-- TestPack.Case1 -->
    </test> <!-- Amazon.com -->
  </suite> <!-- TestNG -->
</testng-results>
