<?xml version="1.0" encoding="UTF-8"?>
<!-- Generated by org.testng.reporters.JUnitXMLReporter -->
<testsuite ignored="4" hostname="DESKTOP-OCCUBGQ" failures="0" tests="1" name="Amazon.com" time="52.219" errors="0" timestamp="2024-09-19T13:17:33 IST">
  <testcase classname="TestPack.Case1" name="URLhit" time="52.027"/>
  <testcase classname="TestPack.Case1" name="Dependedme" time="0.0">
    <ignored/>
  </testcase> <!-- Dependedme -->
  <testcase classname="TestPack.Case1" name="ExcludeMe" time="0.0">
    <ignored/>
  </testcase> <!-- ExcludeMe -->
  <testcase classname="TestPack.Case1" name="Enableme" time="0.0">
    <ignored/>
  </testcase> <!-- Enableme -->
  <testcase classname="TestPack.Case1" name="Asdf" time="0.0">
    <ignored/>
  </testcase> <!-- Asdf -->
</testsuite> <!-- Amazon.com -->
